[    0.000000] Initializing cgroup subsys cpuset
[    0.000000] Initializing cgroup subsys cpu
[    0.000000] Initializing cgroup subsys cpuacct
[    0.000000] Linux version 4.4.0-154-generic (buildd@lgw01-amd64-049) (gcc version 5.4.0 20160609 (Ubuntu 5.4.0-6ubuntu1~16.04.10) ) #181-Ubuntu SMP Tue Jun 25 05:29:03 UTC 2019 (Ubuntu 4.4.0-154.181-generic 4.4.179)
[    0.000000] Command line: BOOT_IMAGE=/boot/vmlinuz-4.4.0-154-generic root=LABEL=cloudimg-rootfs ro console=tty1 console=ttyS0
[    0.000000] KERNEL supported cpus:
[    0.000000]   Intel GenuineIntel
[    0.000000]   AMD AuthenticAMD
[    0.000000]   Centaur CentaurHauls
[    0.000000] x86/fpu: xstate_offset[2]:  576, xstate_sizes[2]:  256
[    0.000000] x86/fpu: Supporting XSAVE feature 0x01: 'x87 floating point registers'
[    0.000000] x86/fpu: Supporting XSAVE feature 0x02: 'SSE registers'
[    0.000000] x86/fpu: Supporting XSAVE feature 0x04: 'AVX registers'
[    0.000000] x86/fpu: Enabled xstate features 0x7, context size is 832 bytes, using 'standard' format.
[    0.000000] e820: BIOS-provided physical RAM map:
[    0.000000] BIOS-e820: [mem 0x0000000000000000-0x000000000009fbff] usable
[    0.000000] BIOS-e820: [mem 0x000000000009fc00-0x000000000009ffff] reserved
[    0.000000] BIOS-e820: [mem 0x00000000000f0000-0x00000000000fffff] reserved
[    0.000000] BIOS-e820: [mem 0x0000000000100000-0x00000000513effff] usable
[    0.000000] BIOS-e820: [mem 0x00000000513f0000-0x00000000513fffff] ACPI data
[    0.000000] BIOS-e820: [mem 0x00000000fec00000-0x00000000fec00fff] reserved
[    0.000000] BIOS-e820: [mem 0x00000000fee00000-0x00000000fee00fff] reserved
[    0.000000] BIOS-e820: [mem 0x00000000fffc0000-0x00000000ffffffff] reserved
[    0.000000] NX (Execute Disable) protection: active
[    0.000000] SMBIOS 2.5 present.
[    0.000000] Hypervisor detected: KVM
[    0.000000] e820: last_pfn = 0x513f0 max_arch_pfn = 0x400000000
[    0.000000] MTRR: Disabled
[    0.000000] x86/PAT: MTRRs disabled, skipping PAT initialization too.
[    0.000000] CPU MTRRs all blank - virtualized system.
[    0.000000] x86/PAT: Configuration [0-7]: WB  WT  UC- UC  WB  WT  UC- UC  
[    0.000000] found SMP MP-table at [mem 0x0009fff0-0x0009ffff] mapped at [ffff88000009fff0]
[    0.000000] Scanning 1 areas for low memory corruption
[    0.000000] RAMDISK: [mem 0x362fa000-0x37174fff]
[    0.000000] ACPI: Early table checksum verification disabled
[    0.000000] ACPI: RSDP 0x00000000000E0000 000024 (v02 VBOX  )
[    0.000000] ACPI: XSDT 0x00000000513F0030 00003C (v01 VBOX   VBOXXSDT 00000001 ASL  00000061)
[    0.000000] ACPI: FACP 0x00000000513F00F0 0000F4 (v04 VBOX   VBOXFACP 00000001 ASL  00000061)
[    0.000000] ACPI: DSDT 0x00000000513F0470 0022EA (v02 VBOX   VBOXBIOS 00000002 INTL 20190509)
[    0.000000] ACPI: FACS 0x00000000513F0200 000040
[    0.000000] ACPI: FACS 0x00000000513F0200 000040
[    0.000000] ACPI: APIC 0x00000000513F0240 000054 (v02 VBOX   VBOXAPIC 00000001 ASL  00000061)
[    0.000000] ACPI: SSDT 0x00000000513F02A0 0001CC (v01 VBOX   VBOXCPUT 00000002 INTL 20190509)
[    0.000000] No NUMA configuration found
[    0.000000] Faking a node at [mem 0x0000000000000000-0x00000000513effff]
[    0.000000] NODE_DATA(0) allocated [mem 0x513eb000-0x513effff]
[    0.000000] kvm-clock: Using msrs 4b564d01 and 4b564d00
[    0.000000] kvm-clock: cpu 0, msr 0:513e3001, primary cpu clock
[    0.000000] kvm-clock: using sched offset of 15189401367 cycles
[    0.000000] clocksource: kvm-clock: mask: 0xffffffffffffffff max_cycles: 0x1cd42e4dffb, max_idle_ns: 881590591483 ns
[    0.000000] Zone ranges:
[    0.000000]   DMA      [mem 0x0000000000001000-0x0000000000ffffff]
[    0.000000]   DMA32    [mem 0x0000000001000000-0x00000000513effff]
[    0.000000]   Normal   empty
[    0.000000]   Device   empty
[    0.000000] Movable zone start for each node
[    0.000000] Early memory node ranges
[    0.000000]   node   0: [mem 0x0000000000001000-0x000000000009efff]
[    0.000000]   node   0: [mem 0x0000000000100000-0x00000000513effff]
[    0.000000] Initmem setup node 0 [mem 0x0000000000001000-0x00000000513effff]
[    0.000000] ACPI: PM-Timer IO Port: 0x4008
[    0.000000] IOAPIC[0]: apic_id 1, version 32, address 0xfec00000, GSI 0-23
[    0.000000] ACPI: INT_SRC_OVR (bus 0 bus_irq 0 global_irq 2 dfl dfl)
[    0.000000] ACPI: INT_SRC_OVR (bus 0 bus_irq 9 global_irq 9 low level)
[    0.000000] Using ACPI (MADT) for SMP configuration information
[    0.000000] smpboot: Allowing 1 CPUs, 0 hotplug CPUs
[    0.000000] PM: Registered nosave memory: [mem 0x00000000-0x00000fff]
[    0.000000] PM: Registered nosave memory: [mem 0x0009f000-0x0009ffff]
[    0.000000] PM: Registered nosave memory: [mem 0x000a0000-0x000effff]
[    0.000000] PM: Registered nosave memory: [mem 0x000f0000-0x000fffff]
[    0.000000] e820: [mem 0x51400000-0xfebfffff] available for PCI devices
[    0.000000] Booting paravirtualized kernel on KVM
[    0.000000] clocksource: refined-jiffies: mask: 0xffffffff max_cycles: 0xffffffff, max_idle_ns: 7645519600211568 ns
[    0.000000] setup_percpu: NR_CPUS:512 nr_cpumask_bits:512 nr_cpu_ids:1 nr_node_ids:1
[    0.000000] PERCPU: Embedded 34 pages/cpu @ffff880051000000 s99480 r8192 d31592 u2097152
[    0.000000] Built 1 zonelists in Node order, mobility grouping on.  Total pages: 327464
[    0.000000] Policy zone: DMA32
[    0.000000] Kernel command line: BOOT_IMAGE=/boot/vmlinuz-4.4.0-154-generic root=LABEL=cloudimg-rootfs ro console=tty1 console=ttyS0
[    0.000000] PID hash table entries: 4096 (order: 3, 32768 bytes)
[    0.000000] Memory: 1274348K/1330744K available (8613K kernel code, 1335K rwdata, 4028K rodata, 1484K init, 1284K bss, 56396K reserved, 0K cma-reserved)
[    0.000000] SLUB: HWalign=64, Order=0-3, MinObjects=0, CPUs=1, Nodes=1
[    0.000000] Kernel/User page tables isolation: enabled
[    0.000000] Hierarchical RCU implementation.
[    0.000000] 	Build-time adjustment of leaf fanout to 64.
[    0.000000] 	RCU restricting CPUs from NR_CPUS=512 to nr_cpu_ids=1.
[    0.000000] RCU: Adjusting geometry for rcu_fanout_leaf=64, nr_cpu_ids=1
[    0.000000] NR_IRQS:33024 nr_irqs:256 16
[    0.000000] Console: colour VGA+ 80x25
[    0.000000] console [tty1] enabled
[    0.000000] console [ttyS0] enabled
[    0.000000] tsc: Detected 1696.073 MHz processor
[    0.231506] Calibrating delay loop (skipped) preset value.. 3392.14 BogoMIPS (lpj=6784292)
[    0.234450] pid_max: default: 32768 minimum: 301
[    0.236131] ACPI: Core revision 20150930
[    0.240290] ACPI: 2 ACPI AML tables successfully acquired and loaded
[    0.242815] Security Framework initialized
[    0.244552] Yama: becoming mindful.
[    0.246180] AppArmor: AppArmor initialized
[    0.248443] Dentry cache hash table entries: 262144 (order: 9, 2097152 bytes)
[    0.251097] Inode-cache hash table entries: 131072 (order: 8, 1048576 bytes)
[    0.254140] Mount-cache hash table entries: 4096 (order: 3, 32768 bytes)
[    0.256002] Mountpoint-cache hash table entries: 4096 (order: 3, 32768 bytes)
[    0.258622] Initializing cgroup subsys io
[    0.260108] Initializing cgroup subsys memory
[    0.261662] Initializing cgroup subsys devices
[    0.264694] Initializing cgroup subsys freezer
[    0.266294] Initializing cgroup subsys net_cls
[    0.267926] Initializing cgroup subsys perf_event
[    0.269573] Initializing cgroup subsys net_prio
[    0.271361] Initializing cgroup subsys hugetlb
[    0.278444] Initializing cgroup subsys pids
[    0.281866] mce: CPU supports 0 MCE banks
[    0.283222] process: using mwait in idle threads
[    0.284718] Last level iTLB entries: 4KB 1024, 2MB 1024, 4MB 1024
[    0.286395] Last level dTLB entries: 4KB 1024, 2MB 1024, 4MB 1024, 1GB 4
[    0.288799] Spectre V2 : Mitigation: Full generic retpoline
[    0.290649] Spectre V2 : Spectre v2 / SpectreRSB mitigation: Filling RSB on context switch
[    0.293684] Speculative Store Bypass: Vulnerable
[    0.295285] MDS: Mitigation: Clear CPU buffers
[    0.344924] Freeing SMP alternatives memory: 36K
[    0.356094] ftrace: allocating 32299 entries in 127 pages
[    0.462556] smpboot: APIC(0) Converting physical 0 to logical package 0
[    0.464485] smpboot: Max logical packages: 1
[    0.466151] x2apic enabled
[    0.467496] Switched APIC routing to physical x2apic.
[    0.470613] ..TIMER: vector=0x30 apic1=0 pin1=2 apic2=-1 pin2=-1
[    0.578074] smpboot: CPU0: Intel(R) Core(TM) i3-4005U CPU @ 1.70GHz (family: 0x6, model: 0x45, stepping: 0x1)
[    0.581521] Performance Events: unsupported p6 CPU model 69 no PMU driver, software events only.
[    0.604044] KVM setup paravirtual spinlock
[    0.606480] x86: Booted up 1 node, 1 CPUs
[    0.607824] smpboot: Total of 1 processors activated (3392.14 BogoMIPS)
[    0.610729] devtmpfs: initialized
[    0.615737] evm: security.selinux
[    0.616948] evm: security.SMACK64
[    0.618044] evm: security.SMACK64EXEC
[    0.619323] evm: security.SMACK64TRANSMUTE
[    0.620594] evm: security.SMACK64MMAP
[    0.621740] evm: security.ima
[    0.622767] evm: security.capability
[    0.624143] clocksource: jiffies: mask: 0xffffffff max_cycles: 0xffffffff, max_idle_ns: 7645041785100000 ns
[    0.626998] futex hash table entries: 256 (order: 2, 16384 bytes)
[    0.629425] pinctrl core: initialized pinctrl subsystem
[    0.631190] RTC time: 10:49:28, date: 07/20/19
[    0.632707] NET: Registered protocol family 16
[    0.634344] cpuidle: using governor ladder
[    0.635607] cpuidle: using governor menu
[    0.636840] PCCT header not found.
[    0.638037] ACPI: bus type PCI registered
[    0.639280] acpiphp: ACPI Hot Plug PCI Controller Driver version: 0.5
[    0.641172] PCI: Using configuration type 1 for base access
[    0.646609] ACPI: Added _OSI(Module Device)
[    0.648122] ACPI: Added _OSI(Processor Device)
[    0.650089] ACPI: Added _OSI(3.0 _SCP Extensions)
[    0.651471] ACPI: Added _OSI(Processor Aggregator Device)
[    0.659110] ACPI: Executed 1 blocks of module-level executable AML code
[    0.664100] ACPI: Interpreter enabled
[    0.665361] ACPI: (supports S0 S5)
[    0.666751] ACPI: Using IOAPIC for interrupt routing
[    0.668771] PCI: Using host bridge windows from ACPI; if necessary, use "pci=nocrs" and report a bug
[    0.677762] ACPI: PCI Root Bridge [PCI0] (domain 0000 [bus 00-ff])
[    0.679824] acpi PNP0A03:00: _OSC: OS supports [ASPM ClockPM Segments MSI]
[    0.682162] acpi PNP0A03:00: _OSC: not requesting OS control; OS requires [ExtendedConfig ASPM ClockPM MSI]
[    0.690441] acpi PNP0A03:00: fail to add MMCONFIG information, can't access extended PCI configuration space under this bridge.
[    0.695263] PCI host bridge to bus 0000:00
[    0.696588] pci_bus 0000:00: root bus resource [io  0x0000-0x0cf7 window]
[    0.698482] pci_bus 0000:00: root bus resource [io  0x0d00-0xffff window]
[    0.700706] pci_bus 0000:00: root bus resource [mem 0x000a0000-0x000bffff window]
[    0.703414] pci_bus 0000:00: root bus resource [mem 0x51400000-0xfdffffff window]
[    0.706101] pci_bus 0000:00: root bus resource [bus 00-ff]
[    0.710557] pci 0000:00:01.1: legacy IDE quirk: reg 0x10: [io  0x01f0-0x01f7]
[    0.712822] pci 0000:00:01.1: legacy IDE quirk: reg 0x14: [io  0x03f6]
[    0.715157] pci 0000:00:01.1: legacy IDE quirk: reg 0x18: [io  0x0170-0x0177]
[    0.717065] pci 0000:00:01.1: legacy IDE quirk: reg 0x1c: [io  0x0376]
[    0.756408] pci 0000:00:07.0: quirk: [io  0x4000-0x403f] claimed by PIIX4 ACPI
[    0.759000] pci 0000:00:07.0: quirk: [io  0x4100-0x410f] claimed by PIIX4 SMB
[    0.797641] ACPI: PCI Interrupt Link [LNKA] (IRQs 5 9 10 *11)
[    0.801567] ACPI: PCI Interrupt Link [LNKB] (IRQs 5 9 *10 11)
[    0.805027] ACPI: PCI Interrupt Link [LNKC] (IRQs 5 *9 10 11)
[    0.808418] ACPI: PCI Interrupt Link [LNKD] (IRQs 5 9 10 *11)
[    0.811925] ACPI: Enabled 2 GPEs in block 00 to 07
[    0.814773] vgaarb: setting as boot device: PCI:0000:00:02.0
[    0.817147] vgaarb: device added: PCI:0000:00:02.0,decodes=io+mem,owns=io+mem,locks=none
[    0.820684] vgaarb: loaded
[    0.822901] vgaarb: bridge control possible 0000:00:02.0
[    0.825800] SCSI subsystem initialized
[    0.827815] ACPI: bus type USB registered
[    0.829716] usbcore: registered new interface driver usbfs
[    0.832011] usbcore: registered new interface driver hub
[    0.834284] usbcore: registered new device driver usb
[    0.836635] PCI: Using ACPI for IRQ routing
[    0.838415] NetLabel: Initializing
[    0.839538] NetLabel:  domain hash size = 128
[    0.840938] NetLabel:  protocols = UNLABELED CIPSOv4
[    0.842549] NetLabel:  unlabeled traffic allowed by default
[    0.845712] amd_nb: Cannot enumerate AMD northbridges
[    0.847719] clocksource: Switched to clocksource kvm-clock
[    0.858819] AppArmor: AppArmor Filesystem Enabled
[    0.860754] pnp: PnP ACPI init
[    0.863127] pnp: PnP ACPI: found 3 devices
[    0.871477] clocksource: acpi_pm: mask: 0xffffff max_cycles: 0xffffff, max_idle_ns: 2085701024 ns
[    0.875344] NET: Registered protocol family 2
[    0.877244] TCP established hash table entries: 16384 (order: 5, 131072 bytes)
[    0.879608] TCP bind hash table entries: 16384 (order: 6, 262144 bytes)
[    0.882324] TCP: Hash tables configured (established 16384 bind 16384)
[    0.884226] UDP hash table entries: 1024 (order: 3, 32768 bytes)
[    0.886510] UDP-Lite hash table entries: 1024 (order: 3, 32768 bytes)
[    0.888401] NET: Registered protocol family 1
[    0.889756] pci 0000:00:00.0: Limiting direct PCI/PCI transfers
[    0.891495] pci 0000:00:01.0: Activating ISA DMA hang workarounds
[    0.893416] Unpacking initramfs...
[    1.271356] Freeing initrd memory: 14828K
[    1.272873] RAPL PMU detected, API unit is 2^-32 Joules, 4 fixed counters 10737418240 ms ovfl timer
[    1.275830] hw unit of domain pp0-core 2^-0 Joules
[    1.277292] hw unit of domain package 2^-0 Joules
[    1.279201] hw unit of domain dram 2^-0 Joules
[    1.280587] hw unit of domain pp1-gpu 2^-0 Joules
[    1.282026] clocksource: tsc: mask: 0xffffffffffffffff max_cycles: 0x1872a9796f1, max_idle_ns: 440795212049 ns
[    1.284935] platform rtc_cmos: registered platform RTC device (no PNP device found)
[    1.287305] Scanning for low memory corruption every 60 seconds
[    1.289556] audit: initializing netlink subsys (disabled)
[    1.291425] audit: type=2000 audit(1563619785.423:1): initialized
[    1.293928] Initialise system trusted keyring
[    1.295589] HugeTLB registered 2 MB page size, pre-allocated 0 pages
[    1.299679] zbud: loaded
[    1.301747] VFS: Disk quotas dquot_6.6.0
[    1.303216] VFS: Dquot-cache hash table entries: 512 (order 0, 4096 bytes)
[    1.305821] squashfs: version 4.0 (2009/01/31) Phillip Lougher
[    1.308072] fuse init (API version 7.23)
[    1.309766] Key type big_key registered
[    1.311247] Allocating IMA MOK and blacklist keyrings.
[    1.313370] Key type asymmetric registered
[    1.314844] Asymmetric key parser 'x509' registered
[    1.316620] Block layer SCSI generic (bsg) driver version 0.4 loaded (major 249)
[    1.319268] io scheduler noop registered
[    1.321212] io scheduler deadline registered (default)
[    1.323047] io scheduler cfq registered
[    1.324667] pci_hotplug: PCI Hot Plug PCI Core version: 0.5
[    1.326623] pciehp: PCI Express Hot Plug Controller Driver version: 0.4
[    1.329664] ACPI: AC Adapter [AC] (on-line)
[    1.331055] input: Power Button as /devices/LNXSYSTM:00/LNXPWRBN:00/input/input0
[    1.333425] ACPI: Power Button [PWRF]
[    1.334690] input: Sleep Button as /devices/LNXSYSTM:00/LNXSLPBN:00/input/input1
[    1.337017] ACPI: Sleep Button [SLPF]
[    1.339366] ACPI: Battery Slot [BAT0] (battery present)
[    1.341580] GHES: HEST is not enabled!
[    1.342962] Serial: 8250/16550 driver, 32 ports, IRQ sharing enabled
[    1.366379] 00:02: ttyS0 at I/O 0x3f8 (irq = 4, base_bud = 115200) is a 16550A
    1.372358] Linux agpgart interface v0.103
[    1.375630] loop: module loaded
[    1.377733] scsi host0: ata_piix
[    1.379162] scsi host1: ata_piix
[    1.380508] ata1: PATA max UDMA/33 cmd 0x1f0 ctl 0x3f6 bmdma 0xd000 irq 14
[    1.382709] ata2: PATA max UDMA/33 cmd 0x170 ctl 0x376 bmdma 0xd008 irq 15
[    1.385504] libphy: Fixed MDIO Bus: probed
[    1.387092] tun: Universal TUN/TAP device driver, 1.6
[    1.389415] tun: (C) 1999-2004 Max Krasnyansky <maxk@qualcomm.com>
[    1.391476] PPP generic driver version 2.4.2
[    1.392941] ehci_hcd: USB 2.0 'Enhanced' Host Controller (EHCI) Driver
[    1.394916] ehci-pci: EHCI PCI platform driver
[    1.396582] ehci-platform: EHCI generic platform driver
[    1.398545] ohci_hcd: USB 1.1 'Open' Host Controller (OHCI) Driver
[    1.400696] ohci-pci: OHCI PCI platform driver
[    1.402287] ohci-platform: OHCI generic platform driver
[    1.404072] uhci_hcd: USB Universal Host Controller Interface driver
[    1.406373] i8042: PNP: PS/2 Controller [PNP0303:PS2K,PNP0f03:PS2M] at 0x60,0x64 irq 1,12
[    1.410763] serio: i8042 KBD port at 0x60,0x64 irq 1
[    1.412282] serio: i8042 AUX port at 0x60,0x64 irq 12
[    1.413957] mousedev: PS/2 mouse device common for all mice
[    1.417208] input: AT Translated Set 2 keyboard as /devices/platform/i8042/serio0/input/input2
[    1.420583] rtc_cmos rtc_cmos: rtc core: registered rtc_cmos as rtc0
[    1.422410] rtc_cmos rtc_cmos: alarms up to one day, 114 bytes nvram
[    1.424456] i2c /dev entries driver
[    1.426054] device-mapper: uevent: version 1.0.3
[    1.427714] device-mapper: ioctl: 4.34.0-ioctl (2015-10-28) initialised: dm-devel@redhat.com
[    1.431216] ledtrig-cpu: registered to indicate activity on CPUs
[    1.433670] NET: Registered protocol family 10
[    1.435730] NET: Registered protocol family 17
[    1.437245] Key type dns_resolver registered
[    1.438908] registered taskstats version 1
[    1.440207] Loading compiled-in X.509 certificates
[    1.442723] Loaded X.509 cert 'Build time autogenerated kernel key: 65139e04a67245b562a838c28b5e7032abdd4348'
[    1.445608] zswap: loaded using pool lzo/zbud
[    1.449814] Key type trusted registered
[    1.455307] Key type encrypted registered
[    1.456870] AppArmor: AppArmor sha1 policy hashing enabled
[    1.458699] ima: No TPM chip found, activating TPM-bypass!
[    1.460620] ima: Allocated hash algorithm: sha1
[    1.462227] evm: HMAC attrs: 0x1
[    1.463909]   Magic number: 11:356:831
[    1.465226] rtc_cmos rtc_cmos: setting system clock to 2019-07-20 10:49:29 UTC (1563619769)
[    1.467796] BIOS EDD facility v0.16 2004-Jun-25, 0 devices found
[    1.470322] EDD information not available.
[    1.541764] Freeing unused kernel memory: 1484K
[    1.543731] Write protecting the kernel read-only data: 14336k
[    1.546613] Freeing unused kernel memory: 1616K
[    1.548688] Freeing unused kernel memory: 68K
Loading, please wait...
starting version 229
[    1.570494] random: udevadm: uninitialized urandom read (16 bytes read, 2 bits of entropy available)
[    1.574172] random: systemd-udevd: uninitialized urandom read (16 bytes read, 2 bits of entropy available)
[    1.578915] random: systemd-udevd: uninitialized urandom read (16 bytes read, 2 bits of entropy available)
[    1.583888] random: udevadm: uninitialized urandom read (16 bytes read, 2 bits of entropy available)
[    1.590093] random: systemd-udevd: uninitialized urandom read (16 bytes read, 2 bits of entropy available)
[    1.598427] random: systemd-udevd: uninitialized urandom read (16 bytes read, 2 bits of entropy available)
[    1.613310] random: systemd-udevd: uninitialized urandom read (16 bytes read, 2 bits of entropy available)
[    1.619511] random: systemd-udevd: uninitialized urandom read (16 bytes read, 2 bits of entropy available)
[    1.624780] random: udevadm: uninitialized urandom read (16 bytes read, 2 bits of entropy available)
[    1.627914] random: systemd-udevd: uninitialized urandom read (16 bytes read, 2 bits of entropy available)
[    1.733426] e1000: Intel(R) PRO/1000 Network Driver - version 7.3.21-k8-NAPI
[    1.736218] e1000: Copyright (c) 1999-2006 Intel Corporation.
[    1.748195] Fusion MPT base driver 3.04.20
[    1.750204] Copyright (c) 1999-2008 LSI Corporation
[    1.801650] Fusion MPT SPI Host driver 3.04.20
[    1.867343] AVX2 version of gcm_enc/dec engaged.
[    1.868852] AES CTR mode by8 optimization enabled
[    1.983479] input: ImExPS/2 Generic Explorer Mouse as /devices/platform/i8042/serio1/input/input4
[    2.310442] e1000 0000:00:03.0 eth0: (PCI:33MHz:32-bit) 02:dc:27:67:22:a8
[    2.312848] e1000 0000:00:03.0 eth0: Intel(R) PRO/1000 Network Connection
[    2.316010] mptbase: ioc0: Initiating bringup
[    2.380151] ioc0: LSI53C1030 A0: Capabilities={Initiator}
[    2.541634] scsi host2: ioc0: LSI53C1030 A0, FwRev=00000000h, Ports=1, MaxQ=256, IRQ=20
[    2.654816] scsi 2:0:0:0: Direct-Access     VBOX     HARDDISK         1.0  PQ: 0 ANSI: 5
[    2.659229] scsi target2:0:0: Beginning Domain Validation
[    2.662935] scsi target2:0:0: Domain Validation skipping write tests
[    2.665467] scsi target2:0:0: Ending Domain Validation
[    2.667729] scsi target2:0:0: asynchronous
[    2.670359] scsi 2:0:1:0: Direct-Access     VBOX     HARDDISK         1.0  PQ: 0 ANSI: 5
[    2.673795] scsi target2:0:1: Beginning Domain Validation
[    2.760921] scsi target2:0:1: Domain Validation skipping write tests
[    2.763010] scsi target2:0:1: Ending Domain Validation
[    2.774853] scsi target2:0:1: asynchronous
[    2.905301] sd 2:0:0:0: Attached scsi generic sg0 type 0
[    2.907319] sd 2:0:0:0: [sda] 20971520 512-byte logical blocks: (10.7 GB/10.0 GiB)
[    2.910447] sd 2:0:1:0: [sdb] 20480 512-byte logical blocks: (10.5 MB/10.0 MiB)
[    2.913612] sd 2:0:1:0: Attached scsi generic sg1 type 0
[    2.916514] sd 2:0:0:0: [sda] Write Protect is off
[    2.917945] sd 2:0:1:0: [sdb] Write Protect is off
[    2.924280] sd 2:0:0:0: [sda] Incomplete mode parameter data
[    2.925935] sd 2:0:0:0: [sda] Assuming drive cache: write through
[    2.928084] sd 2:0:1:0: [sdb] Incomplete mode parameter data
[    2.929756] sd 2:0:1:0: [sdb] Assuming drive cache: write through
[    2.975565]  sda: sda1
[    2.981920] sd 2:0:0:0: [sda] Attached SCSI disk
[    3.004637] sd 2:0:1:0: [sdb] Attached SCSI disk
[    3.131200] e1000 0000:00:08.0 eth1: (PCI:33MHz:32-bit) 08:00:27:99:35:25
[    3.133488] e1000 0000:00:08.0 eth1: Intel(R) PRO/1000 Network Connection
[    3.137295] e1000 0000:00:08.0 enp0s8: renamed from eth1
[    3.143584] e1000 0000:00:03.0 enp0s3: renamed from eth0
Begin: Loading essential drivers ... [    4.722236] md: linear personality registered for level -1
[    4.731437] md: multipath personality registered for level -4
[    4.738909] md: raid0 personality registered for level 0
[    4.747646] md: raid1 personality registered for level 1
[    4.828353] raid6: sse2x1   gen()  4748 MB/s
[    4.898320] raid6: sse2x1   xor()  4144 MB/s
[    4.978288] raid6: sse2x2   gen()  7178 MB/s
[    5.058304] raid6: sse2x2   xor()  4790 MB/s
[    5.133948] raid6: sse2x4   gen()  7272 MB/s
[    5.208319] raid6: sse2x4   xor()  5478 MB/s
[    5.288335] raid6: avx2x1   gen()  8501 MB/s
[    5.368276] raid6: avx2x2   gen() 12937 MB/s
[    5.448317] raid6: avx2x4   gen() 11186 MB/s
[    5.449909] raid6: using algorithm avx2x2 gen() 12937 MB/s
[    5.451784] raid6: using avx2x2 recovery algorithm
[    5.456751] xor: automatically using best checksumming function:
[    5.558321]    avx       : 34603.000 MB/sec
[    5.563697] async_tx: api initialized (async)
[    5.592789] md: raid6 personality registered for level 6
[    5.594737] md: raid5 personality registered for level 5
[    5.596643] md: raid4 personality registered for level 4
[    5.610108] md: raid10 personality registered for level 10
done.
Begin: Running /scripts/init-premount ... done.
Begin: Mounting root file system ... Begin: Running /scripts/local-top ... done.
Begin: Running /scripts/local-premount ... [    5.667323] Btrfs loaded
Scanning for Btrfs filesystems
done.
Warning: fsck not present, so skipping root file system
[    6.570470] EXT4-fs (sda1): mounted filesystem with ordered data mode. Opts: (null)
done.
Begin: Running /scripts/local-bottom ... done.
Begin: Running /scripts/init-bottom ... [    7.818962] random: nonblocking pool is initialized
done.
[   13.140302] systemd[1]: systemd 229 running in system mode. (+PAM +AUDIT +SELINUX +IMA +APPARMOR +SMACK +SYSVINIT +UTMP +LIBCRYPTSETUP +GCRYPT +GNUTLS +ACL +XZ -LZ4 +SECCOMP +BLKID +ELFUTILS +KMOD -IDN)
[   13.146672] systemd[1]: Detected virtualization oracle.
[   13.149330] systemd[1]: Detected architecture x86-64.

Welcome to [1mUbuntu 16.04.6 LTS[0m!

[   13.484029] systemd[1]: Set hostname to <kube-03>.
[   19.168867] systemd[1]: Configuration file /lib/systemd/system/kubelet.service is marked world-inaccessible. This has no effect as configuration data is accessible via APIs without restrictions. Proceeding anyway.
[   19.265060] systemd[1]: Configuration file /etc/systemd/system/kubelet.service.d/10-kubeadm.conf is marked world-inaccessible. This has no effect as configuration data is accessible via APIs without restrictions. Proceeding anyway.
[   19.710484] systemd[1]: Listening on LVM2 metadata daemon socket.
[[0;32m  OK  [0m] Listening on LVM2 metadata daemon socket.
[   19.716845] systemd[1]: Listening on Journal Socket (/dev/log).
[[0;32m  OK  [0m] Listening on Journal Socket (/dev/log).
[   19.722430] systemd[1]: Listening on LVM2 poll daemon socket.
[[0;32m  OK  [0m] Listening on LVM2 poll daemon socket.
[   19.726818] systemd[1]: Created slice System Slice.
[[0;32m  OK  [0m] Created slice System Slice.
[   19.730733] systemd[1]: Started Trigger resolvconf update for networkd DNS.
[[0;32m  OK  [0m] Started Trigger resolvconf update for networkd DNS.
[   19.735099] systemd[1]: Listening on udev Control Socket.
[[0;32m  OK  [0m] Listening on udev Control Socket.
[   19.738698] systemd[1]: Reached target User and Group Name Lookups.
[[0;32m  OK  [0m] Reached target User and Group Name Lookups.
[   19.742319] systemd[1]: Set up automount Arbitrary Executable File Formats File System Automount Point.
[[0;32m  OK  [0m] Set up automount Arbitrary Executab...ats File System Automount Point.
[   19.747372] systemd[1]: Created slice system-serial\x2dgetty.slice.
[[0;32m  OK  [0m] Created slice system-serial\x2dgetty.slice.
[   19.751571] systemd[1]: Reached target System Time Synchronized.
[[0;32m  OK  [0m] Reached target System Time Synchronized.
[   19.755116] systemd[1]: Created slice User and Session Slice.
[[0;32m  OK  [0m] Created slice User and Session Slice.
[   19.758823] systemd[1]: Reached target Slices.
[[0;32m  OK  [0m] Reached target Slices.
[   19.761925] systemd[1]: Listening on Device-mapper event daemon FIFOs.
[[0;32m  OK  [0m] Listening on Device-mapper event daemon FIFOs.
[   19.765977] systemd[1]: Listening on udev Kernel Socket.
[[0;32m  OK  [0m] Listening on udev Kernel Socket.
[   19.770012] systemd[1]: Listening on /dev/initctl Compatibility Named Pipe.
[[0;32m  OK  [0m] Listening on /dev/initctl Compatibility Named Pipe.
[   19.774284] systemd[1]: Started Forward Password Requests to Wall Directory Watch.
[[0;32m  OK  [0m] Started Forward Password Requests to Wall Directory Watch.
[   19.779191] systemd[1]: Listening on Syslog Socket.
[[0;32m  OK  [0m] Listening on Syslog Socket.
[   19.782607] systemd[1]: Reached target Encrypted Volumes.
[[0;32m  OK  [0m] Reached target Encrypted Volumes.
[   19.786227] systemd[1]: Listening on Journal Socket.
[[0;32m  OK  [0m] Listening on Journal Socket.
[   20.065274] systemd[1]: Starting Load Kernel Modules...
         Starting Load Kernel Modules...
[   20.148377] systemd[1]: Starting Monitoring of LVM2 mirrors, snapshots etc. using dmeventd or progress polling...
         Starting Monitoring of LVM2 mirrors... dmeventd or progress polling...
[   20.156083] systemd[1]: Starting Uncomplicated firewall...
         Starting Uncomplicated firewall...
[   20.162218] systemd[1]: Starting Create list of required static device nodes for the current kernel...
         Starting Create list of required st... nodes for the current kernel...
[   20.169588] systemd[1]: Starting Remount Root and Kernel File Systems...
         Starting Remount Root and Kernel File Systems...
[   20.175528] systemd[1]: Mounting RPC Pipe File System...
         Mounting RPC Pipe File System...
[   20.181847] systemd[1]: Mounting Debug File System...
         Mounting Debug File System...
[   20.187712] systemd[1]: Mounting POSIX Message Queue File System...
         Mounting POSIX Message Queue File System...
[   20.192694] systemd[1]: Starting Nameserver information manager...
         Starting Nameserver information manager...
[   20.198888] systemd[1]: Mounting Huge Pages File System...
         Mounting Huge Pages File System...
[   20.204643] systemd[1]: Reached target Swap.
[[0;32m  OK  [0m] Reached target Swap.
[   20.208098] systemd[1]: Listening on Journal Audit Socket.
[[0;32m  OK  [0m] Listening on Journal Audit Socket.
[   20.212824] systemd[1]: Starting Journal Service...
         Starting Journal Service...
[   20.224056] systemd[1]: Starting Set console keymap...
         Starting Set console keymap...
[   20.259821] systemd[1]: Started Uncomplicated firewall.
[[0;32m  OK  [0m] Started Uncomplicated firewall.
[   20.383583] systemd[1]: Started Create list of required static device nodes for the current kernel.
[[0;32m  OK  [0m] Started Create list of required sta...ce nodes for the current kernel.
[   20.396741] systemd[1]: Starting Create Static Device Nodes in /dev...
         Starting Create Static Device Nodes in /dev...
[   20.658905] systemd[1]: Mounted Huge Pages File System.
[   20.662700] EXT4-fs (sda1): re-mounted. Opts: (null)
[[0;32m  OK  [0m] Mounted Huge Pages File System.
[   20.672354] systemd[1]: Mounted POSIX Message Queue File System.
[   20.675060] Loading iSCSI transport class v2.0-870.
[[0;32m  OK  [0m] Mounted POSIX Message Queue File System.
[   20.679288] systemd[1]: Mounted Debug File System.
[[0;32m  OK  [0m] Mounted Debug File System.
[   20.682930] systemd[1]: Started Remount Root and Kernel File Systems.
[[0;32m  OK  [0m] Started Remount Root and Kernel File Systems.
[   20.719539] systemd[1]: Starting Load/Save Random Seed...
         Starting Load/Save Random Seed...
[   20.783178] systemd[1]: Starting udev Coldplug all Devices...
         Starting udev Coldplug all Devices...
[   20.797728] systemd[1]: Started Nameserver information manager.
[[0;32m  OK  [0m] Started Nameserver information manager.
[   20.808912] iscsi: registered transport (tcp)
[   20.828900] systemd[1]: Started Load/Save Random Seed.
[[0;32m  OK  [0m] Started Load/Save Random Seed.
[   20.853545] RPC: Registered named UNIX socket transport module.
[   20.855743] RPC: Registered udp transport module.
[   20.857397] RPC: Registered tcp transport module.
[   20.859553] RPC: Registered tcp NFSv4.1 backchannel transport module.
[   20.868686] systemd[1]: Mounted RPC Pipe File System.
[[0;32m  OK  [0m] Mounted RPC Pipe File System.
[   20.947066] systemd[1]: Started udev Coldplug all Devices.
[[0;32m  OK  [0m] Started udev Coldplug all Devices.
[   21.002382] systemd[1]: Started Journal Service.
[[0;32m  OK  [0m] Started Journal Service.
         Starting Flush Journal to Persistent Storage...
[[0;32m  OK  [0m] Started Set console keymap.
[   21.163453] systemd-journald[392]: Received request to flush runtime journal from PID 1
[   21.180557] iscsi: registered transport (iser)
[[0;32m  OK  [0m] Started Load Kernel Modules.
         Mounting FUSE Control File System...
         Starting Apply Kernel Variables...
[[0;32m  OK  [0m] Mounted FUSE Control File System.
[[0;32m  OK  [0m] Started Flush Journal to Persistent Storage.
[[0;32m  OK  [0m] Started LVM2 metadata daemon.
[[0;32m  OK  [0m] Started Apply Kernel Variables.
[[0;32m  OK  [0m] Started Create Static Device Nodes in /dev.
         Starting udev Kernel Device Manager...
[[0;32m  OK  [0m] Started Monitoring of LVM2 mirrors,...ng dmeventd or progress polling.
[[0;32m  OK  [0m] Reached target Local File Systems (Pre).
[[0;32m  OK  [0m] Reached target Local File Systems.
         Starting LSB: ebtables ruleset management...
         Starting Preprocess NFS configuration...
         Starting Create Volatile Files and Directories...
         Starting LSB: AppArmor initialization...
         Starting Set console font and keymap...
         Starting Initial cloud-init job (pre-networking)...
         Starting Tell Plymouth To Write Out Runtime Data...
[[0;32m  OK  [0m] Started Tell Plymouth To Write Out Runtime Data.
[[0;32m  OK  [0m] Started Preprocess NFS configuration.
[[0;32m  OK  [0m] Reached target NFS client services.
[[0;32m  OK  [0m] Started Create Volatile Files and Directories.
         Starting Update UTMP about System Boot/Shutdown...
[[0;32m  OK  [0m] Started Update UTMP about System Boot/Shutdown.
[[0;32m  OK  [0m] Started LSB: ebtables ruleset management.
[[0;32m  OK  [0m] Started Set console font and keymap.
[[0;32m  OK  [0m] Created slice system-getty.slice.
[[0;32m  OK  [0m] Started udev Kernel Device Manager.
[[0;32m  OK  [0m] Started Dispatch Password Requests to Console Directory Watch.
[[0;32m  OK  [0m] Found device /dev/ttyS0.
[[0;32m  OK  [0m] Listening on Load/Save RF Kill Switch Status /dev/rfkill Watch.
[[0;32m  OK  [0m] Found device 82540EM Gigabit Ethern...r (PRO/1000 MT Desktop Adapter).
[[0;32m  OK  [0m] Found device 82540EM Gigabit Ethern...r (PRO/1000 MT Desktop Adapter).
[[0;32m  OK  [0m] Started LSB: AppArmor initialization.
[   40.768793] cloud-init[495]: Cloud-init v. 19.1-1-gbaa47854-0ubuntu1~16.04.1 running 'init-local' at Sat, 20 Jul 2019 10:50:06 +0000. Up 38.40 seconds.
[[0;32m  OK  [0m] Started Initial cloud-init job (pre-networking).
[[0;32m  OK  [0m] Reached target Network (Pre).
[[0;32m  OK  [0m] Started ifup for enp0s8.
         Starting Raise network interfaces...
[[0;32m  OK  [0m] Started ifup for enp0s3.
[[0;32m  OK  [0m] Started Raise network interfaces.
[[0;32m  OK  [0m] Reached target Network.
         Starting Initial cloud-init job (metadata service crawler)...
[   44.708362] cloud-init[1357]: Cloud-init v. 19.1-1-gbaa47854-0ubuntu1~16.04.1 running 'init' at Sat, 20 Jul 2019 10:50:11 +0000. Up 42.63 seconds.
[   44.721695] cloud-init[1357]: ci-info: ++++++++++++++++++++++++++++++++++++++Net device info+++++++++++++++++++++++++++++++++++++++
[   44.733088] cloud-init[1357]: ci-info: +--------+------+-----------------------------+---------------+--------+-------------------+
[   44.736015] cloud-init[1357]: ci-info: | Device |  Up  |           Address           |      Mask     | Scope  |     Hw-Address    |
[   44.740764] cloud-init[1357]: ci-info: +--------+------+-----------------------------+---------------+--------+-------------------+
[   44.757905] cloud-init[1357]: ci-info: | enp0s3 | True |          10.0.2.15          | 255.255.255.0 | global | 02:dc:27:67:22:a8 |
[   44.761429] cloud-init[1357]: ci-info: | enp0s3 | True |  fe80::dc:27ff:fe67:22a8/64 |       .       |  link  | 02:dc:27:67:22:a8 |
[   44.764854] cloud-init[1357]: ci-info: | enp0s8 | True |        192.168.56.103       | 255.255.255.0 | global | 08:00:27:99:35:25 |
[   44.767804] cloud-init[1357]: ci-info: | enp0s8 | True | fe80::a00:27ff:fe99:3525/64 |       .       |  link  | 08:00:27:99:35:25 |
[   44.772778] cloud-init[1357]: ci-info: |   lo   | True |          127.0.0.1          |   255.0.0.0   |  host  |         .         |
[   44.776464] cloud-init[1357]: ci-info: |   lo   | True |           ::1/128           |       .       |  host  |         .         |
[   44.792939] cloud-init[1357]: ci-info: +--------+------+-----------------------------+---------------+--------+-------------------+
[   44.796109] cloud-init[1357]: ci-info: ++++++++++++++++++++++++++++Route IPv4 info++++++++++++++++++++++++++++
[   44.799322] cloud-init[1357]: ci-info: +-------+--------------+----------+---------------+-----------+-------+
[   44.804945] cloud-init[1357]: ci-info: | Route | Destination  | Gateway  |    Genmask    | Interface | Flags |
[   44.807983] cloud-init[1357]: ci-info: +-------+--------------+----------+---------------+-----------+-------+
[   44.812517] cloud-init[1357]: ci-info: |   0   |   0.0.0.0    | 10.0.2.2 |    0.0.0.0    |   enp0s3  |   UG  |
[   44.816401] cloud-init[1357]: ci-info: |   1   |   10.0.2.0   | 0.0.0.0  | 255.255.255.0 |   enp0s3  |   U   |
[   44.820556] cloud-init[1357]: ci-info: |   2   | 192.168.56.0 | 0.0.0.0  | 255.255.255.0 |   enp0s8  |   U   |
[   44.824806] cloud-init[1357]: ci-info: +-------+--------------+----------+---------------+-----------+-------+
[   44.833975] cloud-init[1357]: ci-info: +++++++++++++++++++Route IPv6 info+++++++++++++++++++
[   44.838503] cloud-init[1357]: ci-info: +-------+-------------+---------+-----------+-------+
[   44.844792] cloud-init[1357]: ci-info: | Route | Destination | Gateway | Interface | Flags |
[   44.852649] cloud-init[1357]: ci-info: +-------+-------------+---------+-----------+-------+
[   44.855411] cloud-init[1357]: ci-info: |   0   |  fe80::/64  |    ::   |   enp0s8  |   U   |
[   44.864476] cloud-init[1357]: ci-info: |   1   |  fe80::/64  |    ::   |   enp0s3  |   U   |
[   44.866572] cloud-init[1357]: ci-info: |   5   |   ff00::/8  |    ::   |   enp0s8  |   U   |
[   44.868745] cloud-init[1357]: ci-info: |   6   |   ff00::/8  |    ::   |   enp0s3  |   U   |
[   44.883402] cloud-init[1357]: ci-info: +-------+-------------+---------+-----------+-------+
[[0;32m  OK  [0m] Started Initial cloud-init job (metadata service crawler).
[[0;32m  OK  [0m] Reached target Cloud-config availability.
[[0;32m  OK  [0m] Reached target System Initialization.
[[0;32m  OK  [0m] Listening on RPCbind Server Activation Socket.
[[0;32m  OK  [0m] Listening on ACPID Listen Socket.
[[0;32m  OK  [0m] Listening on D-Bus System Message Bus Socket.
         Starting Socket activation for snappy daemon.
[[0;32m  OK  [0m] Started ACPI Events Check.
[[0;32m  OK  [0m] Reached target Paths.
[[0;32m  OK  [0m] Started Daily Cleanup of Temporary Directories.
         Starting Docker Socket for the API.
         Starting LXD - unix socket.
[[0;32m  OK  [0m] Listening on UUID daemon activation socket.
[[0;32m  OK  [0m] Started Daily apt download activities.
[[0;32m  OK  [0m] Started Daily apt upgrade and clean activities.
[[0;32m  OK  [0m] Reached target Timers.
[[0;32m  OK  [0m] Reached target Network is Online.
         Starting iSCSI initiator daemon (iscsid)...
[[0;32m  OK  [0m] Listening on Socket activation for snappy daemon.
[[0;32m  OK  [0m] Listening on Docker Socket for the API.
[[0;32m  OK  [0m] Listening on LXD - unix socket.
[[0;32m  OK  [0m] Reached target Sockets.
[[0;32m  OK  [0m] Reached target Basic System.
         Starting /etc/rc.local Compatibility...
[[0;32m  OK  [0m] Started FUSE filesystem for LXC.
         Starting Login Service...
[[0;32m  OK  [0m] Started D-Bus System Message Bus.
[[0;32m  OK  [0m] Started ACPI event daemon.
         Starting LSB: MD monitoring daemon...
[[0;32m  OK  [0m] Started Deferred execution scheduler.
[[0;32m  OK  [0m] Started Regular background program processing daemon.
         Starting Virtualbox guest utils...
         Starting containerd container runtime...
         Starting LSB: Record successful boot for GRUB...
[[0;32m  OK  [0m] Started kubelet: The Kubernetes Node Agent.
         Starting Ubuntu FAN network setup...
         Starting Accounts Service...
         Starting LXD - container startup/shutdown...
         Starting System Logging Service...
         Starting OpenBSD Secure Shell server...
         Starting Daily apt upgrade and clean activities...
         Starting Snappy daemon...
[[0;32m  OK  [0m] Started /etc/rc.local Compatibility.
[[0;32m  OK  [0m] Started containerd container runtime.
[[0;32m  OK  [0m] Started Ubuntu FAN network setup.
[[0;32m  OK  [0m] Started Login Service.
[[0;32m  OK  [0m] Started Unattended Upgrades Shutdown.
         Starting Docker Application Container Engine...
[[0;32m  OK  [0m] Started iSCSI initiator daemon (iscsid).
         Starting Login to default iSCSI targets...
[[0;32m  OK  [0m] Started LSB: Record successful boot for GRUB.
[[0;32m  OK  [0m] Started LSB: MD monitoring daemon.
[[0;32m  OK  [0m] Started System Logging Service.
[[0;32m  OK  [0m] Started Login to default iSCSI targets.
[[0;32m  OK  [0m] Reached target Remote File Systems (Pre).
[[0;32m  OK  [0m] Reached target Remote File Systems.
         Starting LSB: daemon to balance interrupts for SMP systems...
         Starting LSB: Set up cgroupfs mounts....
         Starting LSB: Set the CPU Frequency Scaling governor to "ondemand"...
         Starting LSB: automatic crash report generation...
         Starting Permit User Sessions...
[[0;32m  OK  [0m] Started LSB: Set the CPU Frequency Scaling governor to "ondemand".
[[0;32m  OK  [0m] Started LSB: Set up cgroupfs mounts..
[[0;32m  OK  [0m] Started Permit User Sessions.
         Starting Terminate Plymouth Boot Screen...
         Starting Hold until boot process finishes up...
[[0;32m  OK  [0m] Started Hold until boot process finishes up.
[[0;32m  OK  [0m] Started Terminate Plymouth Boot Screen.
[[0;32m  OK  [0m] Started Getty on tty1.
         Starting Set console scheme...
[[0;32m  OK  [0m] Started Serial Getty on ttyS0.
[[0;32m  OK  [0m] Reached target Login Prompts.
[[0;32m  OK  [0m] Started Set console scheme.
[[0;32m  OK  [0m] Started LSB: daemon to balance interrupts for SMP systems.
[[0;32m  OK  [0m] Started LSB: automatic crash report generation.
[[0;32m  OK  [0m] Started Virtualbox guest utils.
[[0;32m  OK  [0m] Started OpenBSD Secure Shell server.
         Starting Authenticate and Authorize Users to Run Privileged Tasks...
[[0;32m  OK  [0m] Started Authenticate and Authorize Users to Run Privileged Tasks.
[[0;32m  OK  [0m] Started Accounts Service.
[[0;32m  OK  [0m] Started Snappy daemon.
         Starting Wait until snapd is fully seeded...

Ubuntu 16.04.6 LTS kube-03 ttyS0

kube-03 login: [   53.442843] cloud-init[1690]: Cloud-init v. 19.1-1-gbaa47854-0ubuntu1~16.04.1 running 'modules:config' at Sat, 20 Jul 2019 10:50:21 +0000. Up 52.95 seconds.
[   70.565719] cloud-init[1973]: Cloud-init v. 19.1-1-gbaa47854-0ubuntu1~16.04.1 running 'modules:final' at Sat, 20 Jul 2019 10:50:38 +0000. Up 69.66 seconds.
[   70.566864] cloud-init[1973]: Cloud-init v. 19.1-1-gbaa47854-0ubuntu1~16.04.1 finished at Sat, 20 Jul 2019 10:50:38 +0000. Datasource DataSourceNoCloud [seed=/dev/sdb][dsmode=net].  Up 70.55 seconds
